Arguments: 
  /usr/local/Cellar/node@12/12.18.3/bin/node /usr/local/Cellar/yarn/1.22.4/libexec/bin/yarn.js start

PATH: 
  /usr/local/opt/node@12/bin:/Users/arnau/.nvm/versions/node/v10.16.3/bin:/usr/local/bin:/usr/bin:/bin:/usr/sbin:/sbin:/Library/Apple/usr/bin:/Users/arnau/Library/Android/sdk/tools:/Users/arnau/Library/Android/sdk/platform-tools:/Users/arnau/git/flutter/bin

Yarn version: 
  1.22.4

Node version: 
  12.18.3

Platform: 
  darwin x64

Trace: 
  SyntaxError: /Users/arnau/git/cmr-components/package.json: Unexpected token } in JSON at position 610
      at JSON.parse (<anonymous>)
      at /usr/local/Cellar/yarn/1.22.4/libexec/lib/cli.js:1625:59
      at Generator.next (<anonymous>)
      at step (/usr/local/Cellar/yarn/1.22.4/libexec/lib/cli.js:310:30)
      at /usr/local/Cellar/yarn/1.22.4/libexec/lib/cli.js:321:13

npm manifest: 
  {
    "name": "cmr-components",
    "version": "0.1.0",
    "author": "rnowm",
    "private": false,
    "license": "MIT",
    "main": "build/index.js",
    "repository": {
      "type": "git",
      "url": "https://github.com/rnowm/cmr-components.git"
    },
    "scripts": {
      "build": "nwb build-react-app",
      "clean": "nwb clean-app",
      "start": "nwb serve-react-app",
      "test": "nwb test-react",
      "test:coverage": "nwb test-react --coverage",
      "test:watch": "nwb test-react --server"
    },
    "dependencies": {
      "react": "^17.0.2",
      "react-dom": "^17.0.2"
    },
    "devDependencies": {
      "nwb": "0.25.x"
    },
  }

yarn manifest: 
  No manifest

Lockfile: 
  No lockfile
